<?xml version="1.0" encoding="UTF-8"?>
<!-- Generated by org.testng.reporters.JUnitReportReporter -->
<testsuite hostname="akanksha_s" failures="0" tests="2" name="testcases.TwoLoginTest" time="12.759" errors="0" timestamp="24 Apr 2023 10:32:40 GMT" skipped="0">
  <testcase classname="testcases.TwoLoginTest" name="Positive" time="5.501"/>
  <testcase classname="testcases.TwoLoginTest" name="Datafromsheet" time="7.258"/>
</testsuite> <!-- testcases.TwoLoginTest -->
