<?xml version="1.0" encoding="UTF-8"?>
<!-- Generated by org.testng.reporters.JUnitReportReporter -->
<testsuite hostname="akanksha_s" failures="0" tests="2" name="testcases.TwoLoginTest" time="13.993" errors="0" timestamp="24 Apr 2023 10:30:28 GMT" skipped="0">
  <testcase classname="testcases.TwoLoginTest" name="Datafromsheet" time="7.664"/>
  <testcase classname="testcases.TwoLoginTest" name="Positive" time="6.329"/>
</testsuite> <!-- testcases.TwoLoginTest -->
